<?xml version="1.0" encoding="UTF-8"?>
<!-- Generated by org.testng.reporters.JUnitReportReporter -->
<testsuite hostname="MSI" failures="0" tests="1" name="tests.LoginTest" time="8.828" errors="0" timestamp="2023-12-19T17:34:36 IST" skipped="0">
  <testcase classname="tests.LoginTest" name="verifyLogin" time="8.828"/>
</testsuite> <!-- tests.LoginTest -->
