<?xml version="1.0" encoding="UTF-8"?>
<!-- Generated by org.testng.reporters.JUnitReportReporter -->
<testsuite hostname="MSI" failures="0" tests="1" name="actionExample.Amazon_WishList" time="1.051" errors="0" timestamp="2023-12-19T12:05:53 IST" skipped="0">
  <testcase classname="actionExample.Amazon_WishList" name="verifyWishListTest" time="1.051"/>
  <system-out/>
</testsuite> <!-- actionExample.Amazon_WishList -->
