<?xml version="1.0" encoding="UTF-8"?>
<!-- Generated by org.testng.reporters.JUnitReportReporter -->
<testsuite hostname="MSI" failures="0" tests="1" name="hrmTestCase.LoginTest" time="4.424" errors="0" timestamp="2023-12-26T15:03:35 IST" skipped="0">
  <testcase classname="hrmTestCase.LoginTest" name="verifyLogin" time="4.424"/>
</testsuite> <!-- hrmTestCase.LoginTest -->
