<?xml version="1.0" encoding="UTF-8"?>
<!-- Generated by org.testng.reporters.JUnitReportReporter -->
<testsuite hostname="MSI" failures="0" tests="1" name="actionExample.DragDropExample" time="0.721" errors="0" timestamp="2023-12-19T12:34:58 IST" skipped="0">
  <testcase classname="actionExample.DragDropExample" name="verifyDragDropTest" time="0.721"/>
  <system-out/>
</testsuite> <!-- actionExample.DragDropExample -->
