<?xml version="1.0" encoding="UTF-8"?>
<!-- Generated by org.testng.reporters.JUnitReportReporter -->
<testsuite hostname="MSI" failures="0" tests="1" name="testCase.LoginTest" time="6.770" errors="0" timestamp="2023-12-20T12:04:41 IST" skipped="0">
  <testcase classname="testCase.LoginTest" name="verifyLogin" time="6.770"/>
</testsuite> <!-- testCase.LoginTest -->
