<?xml version="1.0" encoding="UTF-8"?>
<!-- Generated by org.testng.reporters.JUnitReportReporter -->
<testsuite hostname="MSI" failures="0" tests="4" name="ddtExample.NOPLogin_DDT_Test" time="36.226" errors="0" timestamp="2023-12-18T17:17:46 IST" skipped="0">
  <testcase classname="ddtExample.NOPLogin_DDT_Test" name="verifyLoginWithDifferentuser" time="8.911"/>
  <system-out/>
  <testcase classname="ddtExample.NOPLogin_DDT_Test" name="verifyLoginWithDifferentuser" time="9.650"/>
  <system-out/>
  <testcase classname="ddtExample.NOPLogin_DDT_Test" name="verifyLoginWithDifferentuser" time="8.816"/>
  <system-out/>
  <testcase classname="ddtExample.NOPLogin_DDT_Test" name="verifyLoginWithDifferentuser" time="8.849"/>
  <system-out/>
</testsuite> <!-- ddtExample.NOPLogin_DDT_Test -->
