<?xml version="1.0" encoding="UTF-8"?>
<!-- Generated by org.testng.reporters.JUnitReportReporter -->
<testsuite hostname="MSI" failures="0" tests="1" name="handleWindowExample.Handle_Window_IRCTC" time="13.211" errors="0" timestamp="2023-12-19T10:32:02 IST" skipped="0">
  <testcase classname="handleWindowExample.Handle_Window_IRCTC" name="handleWindowExample" time="13.211"/>
  <system-out/>
</testsuite> <!-- handleWindowExample.Handle_Window_IRCTC -->
