<?xml version="1.0" encoding="UTF-8"?>
<!-- Generated by org.testng.reporters.JUnitReportReporter -->
<testsuite hostname="MSI" failures="0" tests="1" name="headlessExecution.NOPCommApp_Login2" time="4.838" errors="0" timestamp="2023-12-19T14:26:05 IST" skipped="0">
  <testcase classname="headlessExecution.NOPCommApp_Login2" name="loginFeature" time="4.838"/>
  <system-out/>
</testsuite> <!-- headlessExecution.NOPCommApp_Login2 -->
