<?xml version="1.0" encoding="UTF-8"?>
<!-- Generated by org.testng.reporters.JUnitReportReporter -->
<testsuite hostname="MSI" failures="0" tests="1" name="testCase.LoginTest" time="3.231" errors="0" timestamp="2023-12-22T11:50:51 IST" skipped="0">
  <testcase classname="testCase.LoginTest" name="verifyLogin" time="3.231"/>
</testsuite> <!-- testCase.LoginTest -->
