<?xml version="1.0" encoding="UTF-8"?>
<!-- Generated by org.testng.reporters.JUnitReportReporter -->
<testsuite hostname="MSI" failures="0" tests="1" name="hrmTestCase.LoginTest" time="6.255" errors="0" timestamp="2023-12-26T15:04:39 IST" skipped="0">
  <testcase classname="hrmTestCase.LoginTest" name="verifyLogin" time="6.255"/>
</testsuite> <!-- hrmTestCase.LoginTest -->
